ft_home/build/intermediates/manifest_merge_blame_file/debug/manifest-merger-blame-debug-report.txt
1<?xml version="1.0" encoding="utf-8"?>
2<manifest xmlns:android="http://schemas.android.com/apk/res/android"
3    package="com.wu.ft_home"
4    android:versionCode="1"
5    android:versionName="1.0" >
6
7    <uses-sdk
8        android:minSdkVersion="19"
8-->src/main/AndroidManifest.xml
9        android:targetSdkVersion="29" />
9-->src/main/AndroidManifest.xml
10
11    <uses-permission android:name="android.permission.INTERNET" />
11-->src/main/AndroidManifest.xml:4:5-67
11-->src/main/AndroidManifest.xml:4:22-64
12    <uses-permission android:name="android.permission.REQUEST_INSTALL_PACKAGES" />
12-->src/main/AndroidManifest.xml:5:5-83
12-->src/main/AndroidManifest.xml:5:22-80
13
14    <application
14-->src/main/AndroidManifest.xml:7:5-25:19
15        android:allowBackup="true"
15-->src/main/AndroidManifest.xml:8:9-35
16        android:label="@string/app_name" >
16-->src/main/AndroidManifest.xml:9:9-41
17        <activity
17-->src/main/AndroidManifest.xml:10:9-12:47
18            android:name="com.wu.ft_home.view.home.HomeActivity"
18-->src/main/AndroidManifest.xml:11:13-51
19            android:launchMode="singleTask" />
19-->src/main/AndroidManifest.xml:12:13-44
20
21        <!-- 文件共享 -->
22        <provider
22-->src/main/AndroidManifest.xml:15:9-23:20
23            android:name="androidx.core.content.FileProvider"
23-->src/main/AndroidManifest.xml:16:13-62
24            android:authorities="dollar_openBracket_applicationId_closeBracket.fileprovider"
24-->src/main/AndroidManifest.xml:17:13-64
25            android:exported="false"
25-->src/main/AndroidManifest.xml:18:13-37
26            android:grantUriPermissions="true" >
26-->src/main/AndroidManifest.xml:19:13-47
27            <meta-data
27-->src/main/AndroidManifest.xml:20:13-22:54
28                android:name="android.support.FILE_PROVIDER_PATHS"
28-->src/main/AndroidManifest.xml:21:17-67
29                android:resource="@xml/file_paths" />
29-->src/main/AndroidManifest.xml:22:17-51
30        </provider>
31    </application>
32
33</manifest>